<?xml version="1.0" encoding="UTF-8"?>
<!-- Generated by org.testng.reporters.JUnitXMLReporter -->
<testsuite hostname="DESKTOP-DEUFFS0" ignored="0" name="Test" tests="5" failures="0" timestamp="2023-04-19T18:17:23 IST" time="31.589" errors="0">
  <testcase name="testGoogleLandingPage" time="0.027" classname="testng.BeforeAfterTestGoogle"/>
  <testcase name="testSearch" time="4.095" classname="testng.BeforeAfterTestGoogle"/>
  <testcase name="testCase1" time="0.003" classname="testng.Example1"/>
  <testcase name="testCase2" time="0.002" classname="testng.Example1"/>
  <testcase name="testCase3" time="0.003" classname="testng.Example1"/>
</testsuite> <!-- Test -->
