<?xml version="1.0" encoding="UTF-8"?>
<testng-results skipped="0" failed="0" ignored="0" total="5" passed="5">
  <reporter-output>
  </reporter-output>
  <suite name="Suite" duration-ms="31589" started-at="2023-04-19T18:16:51 IST" finished-at="2023-04-19T18:17:23 IST">
    <groups>
    </groups>
    <test name="Test" duration-ms="31589" started-at="2023-04-19T18:16:51 IST" finished-at="2023-04-19T18:17:23 IST">
      <class name="testng.Example1">
        <test-method status="PASS" signature="testCase1()[pri:0, instance:testng.Example1@69b0fd6f]" name="testCase1" duration-ms="3" started-at="2023-04-19T18:17:20 IST" finished-at="2023-04-19T18:17:20 IST">
          <reporter-output>
          </reporter-output>
        </test-method> <!-- testCase1 -->
        <test-method status="PASS" signature="testCase2()[pri:0, instance:testng.Example1@69b0fd6f]" name="testCase2" duration-ms="2" started-at="2023-04-19T18:17:20 IST" finished-at="2023-04-19T18:17:20 IST">
          <reporter-output>
          </reporter-output>
        </test-method> <!-- testCase2 -->
        <test-method status="PASS" signature="testCase3()[pri:0, instance:testng.Example1@69b0fd6f]" name="testCase3" duration-ms="3" started-at="2023-04-19T18:17:20 IST" finished-at="2023-04-19T18:17:20 IST">
          <reporter-output>
          </reporter-output>
        </test-method> <!-- testCase3 -->
      </class> <!-- testng.Example1 -->
      <class name="testng.BeforeAfterTestGoogle">
        <test-method status="PASS" signature="startUp()[pri:0, instance:testng.BeforeAfterTestGoogle@11758f2a]" name="startUp" is-config="true" duration-ms="23994" started-at="2023-04-19T18:16:51 IST" finished-at="2023-04-19T18:17:15 IST">
          <reporter-output>
          </reporter-output>
        </test-method> <!-- startUp -->
        <test-method status="PASS" signature="testGoogleLandingPage()[pri:0, instance:testng.BeforeAfterTestGoogle@11758f2a]" name="testGoogleLandingPage" duration-ms="27" started-at="2023-04-19T18:17:16 IST" finished-at="2023-04-19T18:17:16 IST">
          <reporter-output>
          </reporter-output>
        </test-method> <!-- testGoogleLandingPage -->
        <test-method status="PASS" signature="testSearch()[pri:0, instance:testng.BeforeAfterTestGoogle@11758f2a]" name="testSearch" duration-ms="4095" started-at="2023-04-19T18:17:16 IST" finished-at="2023-04-19T18:17:20 IST">
          <reporter-output>
          </reporter-output>
        </test-method> <!-- testSearch -->
        <test-method status="PASS" signature="tearDown()[pri:0, instance:testng.BeforeAfterTestGoogle@11758f2a]" name="tearDown" is-config="true" duration-ms="3040" started-at="2023-04-19T18:17:20 IST" finished-at="2023-04-19T18:17:23 IST">
          <reporter-output>
          </reporter-output>
        </test-method> <!-- tearDown -->
      </class> <!-- testng.BeforeAfterTestGoogle -->
    </test> <!-- Test -->
  </suite> <!-- Suite -->
</testng-results>
