<?xml version="1.0" encoding="UTF-8"?>
<testsuite xmlns:xsi="http://www.w3.org/2001/XMLSchema-instance" xsi:schemaLocation="https://maven.apache.org/surefire/maven-surefire-plugin/xsd/surefire-test-report.xsd" name="TestSuite" time="17.626" tests="7" errors="0" skipped="6" failures="1">
  <properties>
[...]
</properties>
  <testcase name="startUp" classname="testng.BeforeAfterTestGoogle" time="17.292">
    <failure message="unknown error: cannot find Chrome binary&#10;Build info: version: &apos;3.141.59&apos;, revision: &apos;e82be7d358&apos;, time: &apos;2018-11-14T08:17:03&apos;&#10;System info: host: &apos;DESKTOP-DEUFFS0&apos;, ip: &apos;192.168.1.4&apos;, os.name: &apos;Windows 10&apos;, os.arch: &apos;amd64&apos;, os.version: &apos;10.0&apos;, java.version: &apos;17.0.6&apos;&#10;Driver info: driver.version: ChromeDriver&#10;remote stacktrace: Backtrace:&#10;	GetHandleVerifier [0x00D5DCE3+50899]&#10;	(No symbol) [0x00CEE111]&#10;	(No symbol) [0x00BF5588]&#10;	(No symbol) [0x00C10AAB]&#10;	(No symbol) [0x00C0F479]&#10;	(No symbol) [0x00C41FFE]&#10;	(No symbol) [0x00C41CEC]&#10;	(No symbol) [0x00C3B6F6]&#10;	(No symbol) [0x00C17708]&#10;	(No symbol) [0x00C1886D]&#10;	GetHandleVerifier [0x00FC3EAE+2566302]&#10;	GetHandleVerifier [0x00FF92B1+2784417]&#10;	GetHandleVerifier [0x00FF327C+2759788]&#10;	GetHandleVerifier [0x00DF5740+672048]&#10;	(No symbol) [0x00CF8872]&#10;	(No symbol) [0x00CF41C8]&#10;	(No symbol) [0x00CF42AB]&#10;	(No symbol) [0x00CE71B7]&#10;	BaseThreadInitThunk [0x75C90099+25]&#10;	RtlGetAppContainerNamedObjectPath [0x77887B6E+286]&#10;	RtlGetAppContainerNamedObjectPath [0x77887B3E+238]&#10;" type="org.openqa.selenium.WebDriverException">org.openqa.selenium.WebDriverException: 
unknown error: cannot find Chrome binary
Build info: version: '3.141.59', revision: 'e82be7d358', time: '2018-11-14T08:17:03'
System info: host: 'DESKTOP-DEUFFS0', ip: '192.168.1.4', os.name: 'Windows 10', os.arch: 'amd64', os.version: '10.0', java.version: '17.0.6'
Driver info: driver.version: ChromeDriver
remote stacktrace: Backtrace:
	GetHandleVerifier [0x00D5DCE3+50899]
	(No symbol) [0x00CEE111]
	(No symbol) [0x00BF5588]
	(No symbol) [0x00C10AAB]
	(No symbol) [0x00C0F479]
	(No symbol) [0x00C41FFE]
	(No symbol) [0x00C41CEC]
	(No symbol) [0x00C3B6F6]
	(No symbol) [0x00C17708]
	(No symbol) [0x00C1886D]
	GetHandleVerifier [0x00FC3EAE+2566302]
	GetHandleVerifier [0x00FF92B1+2784417]
	GetHandleVerifier [0x00FF327C+2759788]
	GetHandleVerifier [0x00DF5740+672048]
	(No symbol) [0x00CF8872]
	(No symbol) [0x00CF41C8]
	(No symbol) [0x00CF42AB]
	(No symbol) [0x00CE71B7]
	BaseThreadInitThunk [0x75C90099+25]
	RtlGetAppContainerNamedObjectPath [0x77887B6E+286]
	RtlGetAppContainerNamedObjectPath [0x77887B3E+238]

	at testng.BeforeAfterTestGoogle.startUp(BeforeAfterTestGoogle.java:15)
</failure>
    <system-out><![CDATA[[TestNGContentHandler] [WARN] It is strongly recommended to add "<!DOCTYPE suite SYSTEM "http://testng.org/testng-1.0.dtd" >" at the top of your file, otherwise TestNG may fail or not work as expected.
]]></system-out>
    <system-err><![CDATA[SLF4J: Failed to load class "org.slf4j.impl.StaticLoggerBinder".
SLF4J: Defaulting to no-operation (NOP) logger implementation
SLF4J: See http://www.slf4j.org/codes.html#StaticLoggerBinder for further details.
log4j:WARN No appenders could be found for logger (org.apache.http.client.protocol.RequestAddCookies).
log4j:WARN Please initialize the log4j system properly.
Starting ChromeDriver 112.0.5615.49 (bd2a7bcb881c11e8cfe3078709382934e3916914-refs/branch-heads/5615@{#936}) on port 26451
Only local connections are allowed.
Please see https://chromedriver.chromium.org/security-considerations for suggestions on keeping ChromeDriver safe.
ChromeDriver was started successfully.
]]></system-err>
  </testcase>
  <testcase name="testGoogleLandingPage" classname="testng.BeforeAfterTestGoogle" time="0">
    <skipped message="unknown error: cannot find Chrome binary&#10;Build info: version: &apos;3.141.59&apos;, revision: &apos;e82be7d358&apos;, time: &apos;2018-11-14T08:17:03&apos;&#10;System info: host: &apos;DESKTOP-DEUFFS0&apos;, ip: &apos;192.168.1.4&apos;, os.name: &apos;Windows 10&apos;, os.arch: &apos;amd64&apos;, os.version: &apos;10.0&apos;, java.version: &apos;17.0.6&apos;&#10;Driver info: driver.version: ChromeDriver&#10;remote stacktrace: Backtrace:&#10;	GetHandleVerifier [0x00D5DCE3+50899]&#10;	(No symbol) [0x00CEE111]&#10;	(No symbol) [0x00BF5588]&#10;	(No symbol) [0x00C10AAB]&#10;	(No symbol) [0x00C0F479]&#10;	(No symbol) [0x00C41FFE]&#10;	(No symbol) [0x00C41CEC]&#10;	(No symbol) [0x00C3B6F6]&#10;	(No symbol) [0x00C17708]&#10;	(No symbol) [0x00C1886D]&#10;	GetHandleVerifier [0x00FC3EAE+2566302]&#10;	GetHandleVerifier [0x00FF92B1+2784417]&#10;	GetHandleVerifier [0x00FF327C+2759788]&#10;	GetHandleVerifier [0x00DF5740+672048]&#10;	(No symbol) [0x00CF8872]&#10;	(No symbol) [0x00CF41C8]&#10;	(No symbol) [0x00CF42AB]&#10;	(No symbol) [0x00CE71B7]&#10;	BaseThreadInitThunk [0x75C90099+25]&#10;	RtlGetAppContainerNamedObjectPath [0x77887B6E+286]&#10;	RtlGetAppContainerNamedObjectPath [0x77887B3E+238]&#10;"/>
  </testcase>
  <testcase name="testSearch" classname="testng.BeforeAfterTestGoogle" time="0">
    <skipped message="unknown error: cannot find Chrome binary&#10;Build info: version: &apos;3.141.59&apos;, revision: &apos;e82be7d358&apos;, time: &apos;2018-11-14T08:17:03&apos;&#10;System info: host: &apos;DESKTOP-DEUFFS0&apos;, ip: &apos;192.168.1.4&apos;, os.name: &apos;Windows 10&apos;, os.arch: &apos;amd64&apos;, os.version: &apos;10.0&apos;, java.version: &apos;17.0.6&apos;&#10;Driver info: driver.version: ChromeDriver&#10;remote stacktrace: Backtrace:&#10;	GetHandleVerifier [0x00D5DCE3+50899]&#10;	(No symbol) [0x00CEE111]&#10;	(No symbol) [0x00BF5588]&#10;	(No symbol) [0x00C10AAB]&#10;	(No symbol) [0x00C0F479]&#10;	(No symbol) [0x00C41FFE]&#10;	(No symbol) [0x00C41CEC]&#10;	(No symbol) [0x00C3B6F6]&#10;	(No symbol) [0x00C17708]&#10;	(No symbol) [0x00C1886D]&#10;	GetHandleVerifier [0x00FC3EAE+2566302]&#10;	GetHandleVerifier [0x00FF92B1+2784417]&#10;	GetHandleVerifier [0x00FF327C+2759788]&#10;	GetHandleVerifier [0x00DF5740+672048]&#10;	(No symbol) [0x00CF8872]&#10;	(No symbol) [0x00CF41C8]&#10;	(No symbol) [0x00CF42AB]&#10;	(No symbol) [0x00CE71B7]&#10;	BaseThreadInitThunk [0x75C90099+25]&#10;	RtlGetAppContainerNamedObjectPath [0x77887B6E+286]&#10;	RtlGetAppContainerNamedObjectPath [0x77887B3E+238]&#10;"/>
  </testcase>
  <testcase name="testCase1" classname="testng.Example1" time="0">
    <skipped message="unknown error: cannot find Chrome binary&#10;Build info: version: &apos;3.141.59&apos;, revision: &apos;e82be7d358&apos;, time: &apos;2018-11-14T08:17:03&apos;&#10;System info: host: &apos;DESKTOP-DEUFFS0&apos;, ip: &apos;192.168.1.4&apos;, os.name: &apos;Windows 10&apos;, os.arch: &apos;amd64&apos;, os.version: &apos;10.0&apos;, java.version: &apos;17.0.6&apos;&#10;Driver info: driver.version: ChromeDriver&#10;remote stacktrace: Backtrace:&#10;	GetHandleVerifier [0x00D5DCE3+50899]&#10;	(No symbol) [0x00CEE111]&#10;	(No symbol) [0x00BF5588]&#10;	(No symbol) [0x00C10AAB]&#10;	(No symbol) [0x00C0F479]&#10;	(No symbol) [0x00C41FFE]&#10;	(No symbol) [0x00C41CEC]&#10;	(No symbol) [0x00C3B6F6]&#10;	(No symbol) [0x00C17708]&#10;	(No symbol) [0x00C1886D]&#10;	GetHandleVerifier [0x00FC3EAE+2566302]&#10;	GetHandleVerifier [0x00FF92B1+2784417]&#10;	GetHandleVerifier [0x00FF327C+2759788]&#10;	GetHandleVerifier [0x00DF5740+672048]&#10;	(No symbol) [0x00CF8872]&#10;	(No symbol) [0x00CF41C8]&#10;	(No symbol) [0x00CF42AB]&#10;	(No symbol) [0x00CE71B7]&#10;	BaseThreadInitThunk [0x75C90099+25]&#10;	RtlGetAppContainerNamedObjectPath [0x77887B6E+286]&#10;	RtlGetAppContainerNamedObjectPath [0x77887B3E+238]&#10;"/>
  </testcase>
  <testcase name="testCase2" classname="testng.Example1" time="0">
    <skipped message="unknown error: cannot find Chrome binary&#10;Build info: version: &apos;3.141.59&apos;, revision: &apos;e82be7d358&apos;, time: &apos;2018-11-14T08:17:03&apos;&#10;System info: host: &apos;DESKTOP-DEUFFS0&apos;, ip: &apos;192.168.1.4&apos;, os.name: &apos;Windows 10&apos;, os.arch: &apos;amd64&apos;, os.version: &apos;10.0&apos;, java.version: &apos;17.0.6&apos;&#10;Driver info: driver.version: ChromeDriver&#10;remote stacktrace: Backtrace:&#10;	GetHandleVerifier [0x00D5DCE3+50899]&#10;	(No symbol) [0x00CEE111]&#10;	(No symbol) [0x00BF5588]&#10;	(No symbol) [0x00C10AAB]&#10;	(No symbol) [0x00C0F479]&#10;	(No symbol) [0x00C41FFE]&#10;	(No symbol) [0x00C41CEC]&#10;	(No symbol) [0x00C3B6F6]&#10;	(No symbol) [0x00C17708]&#10;	(No symbol) [0x00C1886D]&#10;	GetHandleVerifier [0x00FC3EAE+2566302]&#10;	GetHandleVerifier [0x00FF92B1+2784417]&#10;	GetHandleVerifier [0x00FF327C+2759788]&#10;	GetHandleVerifier [0x00DF5740+672048]&#10;	(No symbol) [0x00CF8872]&#10;	(No symbol) [0x00CF41C8]&#10;	(No symbol) [0x00CF42AB]&#10;	(No symbol) [0x00CE71B7]&#10;	BaseThreadInitThunk [0x75C90099+25]&#10;	RtlGetAppContainerNamedObjectPath [0x77887B6E+286]&#10;	RtlGetAppContainerNamedObjectPath [0x77887B3E+238]&#10;"/>
  </testcase>
  <testcase name="testCase3" classname="testng.Example1" time="0">
    <skipped message="unknown error: cannot find Chrome binary&#10;Build info: version: &apos;3.141.59&apos;, revision: &apos;e82be7d358&apos;, time: &apos;2018-11-14T08:17:03&apos;&#10;System info: host: &apos;DESKTOP-DEUFFS0&apos;, ip: &apos;192.168.1.4&apos;, os.name: &apos;Windows 10&apos;, os.arch: &apos;amd64&apos;, os.version: &apos;10.0&apos;, java.version: &apos;17.0.6&apos;&#10;Driver info: driver.version: ChromeDriver&#10;remote stacktrace: Backtrace:&#10;	GetHandleVerifier [0x00D5DCE3+50899]&#10;	(No symbol) [0x00CEE111]&#10;	(No symbol) [0x00BF5588]&#10;	(No symbol) [0x00C10AAB]&#10;	(No symbol) [0x00C0F479]&#10;	(No symbol) [0x00C41FFE]&#10;	(No symbol) [0x00C41CEC]&#10;	(No symbol) [0x00C3B6F6]&#10;	(No symbol) [0x00C17708]&#10;	(No symbol) [0x00C1886D]&#10;	GetHandleVerifier [0x00FC3EAE+2566302]&#10;	GetHandleVerifier [0x00FF92B1+2784417]&#10;	GetHandleVerifier [0x00FF327C+2759788]&#10;	GetHandleVerifier [0x00DF5740+672048]&#10;	(No symbol) [0x00CF8872]&#10;	(No symbol) [0x00CF41C8]&#10;	(No symbol) [0x00CF42AB]&#10;	(No symbol) [0x00CE71B7]&#10;	BaseThreadInitThunk [0x75C90099+25]&#10;	RtlGetAppContainerNamedObjectPath [0x77887B6E+286]&#10;	RtlGetAppContainerNamedObjectPath [0x77887B3E+238]&#10;"/>
  </testcase>
  <testcase name="tearDown" classname="testng.BeforeAfterTestGoogle" time="0">
    <skipped/>
  </testcase>
</testsuite>