<?xml version="1.0" encoding="UTF-8"?>
<!-- Generated by org.testng.reporters.JUnitXMLReporter -->
<testsuite hostname="DESKTOP-DEUFFS0" ignored="0" name="RetryMulitple" tests="8" failures="2" timestamp="2023-04-12T23:19:34 IST" time="0.136" errors="0">
  <testcase name="Test1" time="0.022" classname="day17.RetryAnalyzerRunFailTc.TestWithRetryAnalyzer">
    <skipped/>
  </testcase> <!-- Test1 -->
  <testcase name="Test1" time="0.003" classname="day17.RetryAnalyzerRunFailTc.TestWithRetryAnalyzer">
    <skipped/>
  </testcase> <!-- Test1 -->
  <testcase name="Test1" time="0.002" classname="day17.RetryAnalyzerRunFailTc.TestWithRetryAnalyzer">
    <failure type="java.lang.AssertionError" message="expected [true] but found [false]">
      <![CDATA[java.lang.AssertionError: expected [true] but found [false]
at day17.RetryAnalyzerRunFailTc.TestWithRetryAnalyzer.Test1(TestWithRetryAnalyzer.java:10)
at java.util.ArrayList.forEach(Unknown Source)
... Removed 33 stack frames]]>
    </failure>
  </testcase> <!-- Test1 -->
  <testcase name="Test2" time="0.002" classname="day17.RetryAnalyzerRunFailTc.TestWithRetryAnalyzer">
    <skipped/>
  </testcase> <!-- Test2 -->
  <testcase name="Test2" time="0.001" classname="day17.RetryAnalyzerRunFailTc.TestWithRetryAnalyzer">
    <skipped/>
  </testcase> <!-- Test2 -->
  <testcase name="Test2" time="0.002" classname="day17.RetryAnalyzerRunFailTc.TestWithRetryAnalyzer">
    <failure type="java.lang.AssertionError" message="expected [true] but found [false]">
      <![CDATA[java.lang.AssertionError: expected [true] but found [false]
at day17.RetryAnalyzerRunFailTc.TestWithRetryAnalyzer.Test2(TestWithRetryAnalyzer.java:16)
at java.util.ArrayList.forEach(Unknown Source)
... Removed 33 stack frames]]>
    </failure>
  </testcase> <!-- Test2 -->
  <testcase name="Test3" time="0.002" classname="day17.RetryAnalyzerRunFailTc.TestWithRetryAnalyzer">
    <skipped/>
  </testcase> <!-- Test3 -->
  <testcase name="Test3" time="0.002" classname="day17.RetryAnalyzerRunFailTc.TestWithRetryAnalyzer"/>
</testsuite> <!-- RetryMulitple -->
