<?xml version="1.0" encoding="UTF-8"?>
<!-- Generated by org.testng.reporters.JUnitXMLReporter -->
<testsuite hostname="DESKTOP-DEUFFS0" ignored="2" name="Testing Parameterization" tests="2" failures="0" timestamp="2023-04-12T14:34:01 IST" time="11.606" errors="0">
  <testcase name="testCaseOne" time="0.014" classname="day15.Grouping.Parameterization"/>
  <testcase name="testLoginOfVtiger" time="11.526" classname="day15.Grouping.Parameterization"/>
  <testcase name="testCaseTwo" time="0.0" classname="day15.Grouping.Parameterization">
    <ignored/>
  </testcase> <!-- testCaseTwo -->
  <testcase name="testCaseThree" time="0.0" classname="day15.Grouping.Parameterization">
    <ignored/>
  </testcase> <!-- testCaseThree -->
</testsuite> <!-- Testing Parameterization -->
